<?xml version="1.0" encoding="UTF-8"?><testsuite errors="0" failures="0" name="Realizar el login en la pagina de InkaFarma" skipped="3" tests="4" time="33.13" timestamp="2021-05-25 10:17:52"><testcase name="Hacer LogIn en la pantalla de InkaFarma"/><testcase name="Verificar la funcionalidad de olvidaste tu contraseña"><skipped/></testcase><testcase name="Verificar la funcionalidad de Registrate"><skipped/></testcase><testcase name="Verificar la funcionalidad de logeo"><skipped/></testcase></testsuite>